2023-10-24T00:17:29.671+07:00  INFO 9196 --- [main] com.springbot.tttn.TttnApplication       : Starting TttnApplication using Java 17.0.8 with PID 9196 (D:\coding\BackEnd\Java\TTTN\BackEnd\target\classes started by khanh in D:\coding\BackEnd\Java\TTTN\BackEnd)
2023-10-24T00:17:29.679+07:00  INFO 9196 --- [main] com.springbot.tttn.TttnApplication       : No active profile set, falling back to 1 default profile: "default"
2023-10-24T00:17:30.467+07:00  INFO 9196 --- [main] .s.d.r.c.RepositoryConfigurationDelegate : Bootstrapping Spring Data JPA repositories in DEFAULT mode.
2023-10-24T00:17:30.554+07:00  INFO 9196 --- [main] .s.d.r.c.RepositoryConfigurationDelegate : Finished Spring Data repository scanning in 77 ms. Found 6 JPA repository interfaces.
2023-10-24T00:17:31.027+07:00  INFO 9196 --- [main] o.s.b.w.embedded.tomcat.TomcatWebServer  : Tomcat initialized with port(s): 8080 (http)
2023-10-24T00:17:31.034+07:00  INFO 9196 --- [main] o.apache.catalina.core.StandardService   : Starting service [Tomcat]
2023-10-24T00:17:31.034+07:00  INFO 9196 --- [main] o.apache.catalina.core.StandardEngine    : Starting Servlet engine: [Apache Tomcat/10.1.5]
2023-10-24T00:17:31.106+07:00  INFO 9196 --- [main] o.a.c.c.C.[Tomcat].[localhost].[/]       : Initializing Spring embedded WebApplicationContext
2023-10-24T00:17:31.106+07:00  INFO 9196 --- [main] w.s.c.ServletWebServerApplicationContext : Root WebApplicationContext: initialization completed in 1378 ms
2023-10-24T00:17:31.132+07:00  INFO 9196 --- [main] com.zaxxer.hikari.HikariDataSource       : HikariPool-1 - Starting...
2023-10-24T00:17:31.397+07:00  INFO 9196 --- [main] com.zaxxer.hikari.pool.HikariPool        : HikariPool-1 - Added connection com.mysql.cj.jdbc.ConnectionImpl@67e0fd6d
2023-10-24T00:17:31.398+07:00  INFO 9196 --- [main] com.zaxxer.hikari.HikariDataSource       : HikariPool-1 - Start completed.
2023-10-24T00:17:31.405+07:00  INFO 9196 --- [main] o.s.b.a.h2.H2ConsoleAutoConfiguration    : H2 console available at '/h2-ui'. Database available at 'jdbc:mysql://localhost:3306/qlsv'
2023-10-24T00:17:31.476+07:00  INFO 9196 --- [main] o.hibernate.jpa.internal.util.LogHelper  : HHH000204: Processing PersistenceUnitInfo [name: default]
2023-10-24T00:17:31.517+07:00  INFO 9196 --- [main] org.hibernate.Version                    : HHH000412: Hibernate ORM core version 6.1.6.Final
2023-10-24T00:17:31.683+07:00  WARN 9196 --- [main] org.hibernate.orm.deprecation            : HHH90000021: Encountered deprecated setting [javax.persistence.sharedCache.mode], use [jakarta.persistence.sharedCache.mode] instead
2023-10-24T00:17:31.789+07:00  INFO 9196 --- [main] SQL dialect                              : HHH000400: Using dialect: org.hibernate.dialect.MySQL8Dialect
2023-10-24T00:17:31.790+07:00  WARN 9196 --- [main] org.hibernate.orm.deprecation            : HHH90000026: MySQL8Dialect has been deprecated; use org.hibernate.dialect.MySQLDialect instead
2023-10-24T00:17:32.088+07:00  WARN 9196 --- [main] org.hibernate.mapping.RootClass          : HHH000038: Composite-id class does not override equals(): com.springbot.tttn.application.entities.StudentScoresKey
2023-10-24T00:17:32.088+07:00  WARN 9196 --- [main] org.hibernate.mapping.RootClass          : HHH000039: Composite-id class does not override hashCode(): com.springbot.tttn.application.entities.StudentScoresKey
2023-10-24T00:17:32.654+07:00  INFO 9196 --- [main] o.h.e.t.j.p.i.JtaPlatformInitiator       : HHH000490: Using JtaPlatform implementation: [org.hibernate.engine.transaction.jta.platform.internal.NoJtaPlatform]
2023-10-24T00:17:32.662+07:00  INFO 9196 --- [main] j.LocalContainerEntityManagerFactoryBean : Initialized JPA EntityManagerFactory for persistence unit 'default'
2023-10-24T00:17:33.582+07:00  WARN 9196 --- [main] JpaBaseConfiguration$JpaWebConfiguration : spring.jpa.open-in-view is enabled by default. Therefore, database queries may be performed during view rendering. Explicitly configure spring.jpa.open-in-view to disable this warning
2023-10-24T00:17:33.804+07:00  INFO 9196 --- [main] o.s.s.web.DefaultSecurityFilterChain     : Will secure any request with [org.springframework.security.web.session.DisableEncodeUrlFilter@72b88762, org.springframework.security.web.context.request.async.WebAsyncManagerIntegrationFilter@1d413e98, org.springframework.security.web.context.SecurityContextHolderFilter@1419f703, org.springframework.security.web.header.HeaderWriterFilter@7194f5b, org.springframework.security.web.authentication.logout.LogoutFilter@75daa568, com.springbot.tttn.application.security.AuthTokenFilter@2c2dfde3, org.springframework.security.web.savedrequest.RequestCacheAwareFilter@4e31229f, org.springframework.security.web.servletapi.SecurityContextHolderAwareRequestFilter@6a4940e1, org.springframework.security.web.authentication.AnonymousAuthenticationFilter@2b85fc, org.springframework.security.web.session.SessionManagementFilter@2662997a, org.springframework.security.web.access.ExceptionTranslationFilter@21f41593, org.springframework.security.web.access.intercept.AuthorizationFilter@1d9e511c]
2023-10-24T00:17:34.008+07:00  INFO 9196 --- [main] o.s.b.w.embedded.tomcat.TomcatWebServer  : Tomcat started on port(s): 8080 (http) with context path ''
2023-10-24T00:17:34.017+07:00  INFO 9196 --- [main] com.springbot.tttn.TttnApplication       : Started TttnApplication in 4.804 seconds (process running for 5.513)
2023-10-24T00:17:41.385+07:00  INFO 9196 --- [http-nio-8080-exec-5] o.a.c.c.C.[Tomcat].[localhost].[/]       : Initializing Spring DispatcherServlet 'dispatcherServlet'
2023-10-24T00:17:41.386+07:00  INFO 9196 --- [http-nio-8080-exec-5] o.s.web.servlet.DispatcherServlet        : Initializing Servlet 'dispatcherServlet'
2023-10-24T00:17:41.387+07:00  INFO 9196 --- [http-nio-8080-exec-5] o.s.web.servlet.DispatcherServlet        : Completed initialization in 1 ms
2023-10-24T00:17:41.508+07:00  INFO 9196 --- [http-nio-8080-exec-5] c.s.t.d.s.impl.SubjectServiceImpl        : Action: User Login
2023-10-24T00:17:41.803+07:00  INFO 9196 --- [http-nio-8080-exec-5] c.s.t.d.s.impl.SubjectServiceImpl        : 			User admin login successfully!
2023-10-24T00:20:32.059+07:00  INFO 9196 --- [SpringApplicationShutdownHook] j.LocalContainerEntityManagerFactoryBean : Closing JPA EntityManagerFactory for persistence unit 'default'
2023-10-24T00:20:32.061+07:00  INFO 9196 --- [SpringApplicationShutdownHook] com.zaxxer.hikari.HikariDataSource       : HikariPool-1 - Shutdown initiated...
2023-10-24T00:20:32.066+07:00  INFO 9196 --- [SpringApplicationShutdownHook] com.zaxxer.hikari.HikariDataSource       : HikariPool-1 - Shutdown completed.
2023-10-24T00:20:35.486+07:00  INFO 8496 --- [main] com.springbot.tttn.TttnApplication       : Starting TttnApplication using Java 17.0.8 with PID 8496 (D:\coding\BackEnd\Java\TTTN\BackEnd\target\classes started by khanh in D:\coding\BackEnd\Java\TTTN\BackEnd)
2023-10-24T00:20:35.490+07:00  INFO 8496 --- [main] com.springbot.tttn.TttnApplication       : No active profile set, falling back to 1 default profile: "default"
2023-10-24T00:20:36.136+07:00  INFO 8496 --- [main] .s.d.r.c.RepositoryConfigurationDelegate : Bootstrapping Spring Data JPA repositories in DEFAULT mode.
2023-10-24T00:20:36.223+07:00  INFO 8496 --- [main] .s.d.r.c.RepositoryConfigurationDelegate : Finished Spring Data repository scanning in 77 ms. Found 6 JPA repository interfaces.
2023-10-24T00:20:36.687+07:00  INFO 8496 --- [main] o.s.b.w.embedded.tomcat.TomcatWebServer  : Tomcat initialized with port(s): 8080 (http)
2023-10-24T00:20:36.696+07:00  INFO 8496 --- [main] o.apache.catalina.core.StandardService   : Starting service [Tomcat]
2023-10-24T00:20:36.697+07:00  INFO 8496 --- [main] o.apache.catalina.core.StandardEngine    : Starting Servlet engine: [Apache Tomcat/10.1.5]
2023-10-24T00:20:36.775+07:00  INFO 8496 --- [main] o.a.c.c.C.[Tomcat].[localhost].[/]       : Initializing Spring embedded WebApplicationContext
2023-10-24T00:20:36.775+07:00  INFO 8496 --- [main] w.s.c.ServletWebServerApplicationContext : Root WebApplicationContext: initialization completed in 1222 ms
2023-10-24T00:20:36.803+07:00  INFO 8496 --- [main] com.zaxxer.hikari.HikariDataSource       : HikariPool-1 - Starting...
2023-10-24T00:20:37.092+07:00  INFO 8496 --- [main] com.zaxxer.hikari.pool.HikariPool        : HikariPool-1 - Added connection com.mysql.cj.jdbc.ConnectionImpl@7436364d
2023-10-24T00:20:37.093+07:00  INFO 8496 --- [main] com.zaxxer.hikari.HikariDataSource       : HikariPool-1 - Start completed.
2023-10-24T00:20:37.101+07:00  INFO 8496 --- [main] o.s.b.a.h2.H2ConsoleAutoConfiguration    : H2 console available at '/h2-ui'. Database available at 'jdbc:mysql://localhost:3306/qlsv'
2023-10-24T00:20:37.179+07:00  INFO 8496 --- [main] o.hibernate.jpa.internal.util.LogHelper  : HHH000204: Processing PersistenceUnitInfo [name: default]
2023-10-24T00:20:37.229+07:00  INFO 8496 --- [main] org.hibernate.Version                    : HHH000412: Hibernate ORM core version 6.1.6.Final
2023-10-24T00:20:37.393+07:00  WARN 8496 --- [main] org.hibernate.orm.deprecation            : HHH90000021: Encountered deprecated setting [javax.persistence.sharedCache.mode], use [jakarta.persistence.sharedCache.mode] instead
2023-10-24T00:20:37.515+07:00  INFO 8496 --- [main] SQL dialect                              : HHH000400: Using dialect: org.hibernate.dialect.MySQL8Dialect
2023-10-24T00:20:37.515+07:00  WARN 8496 --- [main] org.hibernate.orm.deprecation            : HHH90000026: MySQL8Dialect has been deprecated; use org.hibernate.dialect.MySQLDialect instead
2023-10-24T00:20:37.806+07:00  WARN 8496 --- [main] org.hibernate.mapping.RootClass          : HHH000038: Composite-id class does not override equals(): com.springbot.tttn.application.entities.StudentScoresKey
2023-10-24T00:20:37.806+07:00  WARN 8496 --- [main] org.hibernate.mapping.RootClass          : HHH000039: Composite-id class does not override hashCode(): com.springbot.tttn.application.entities.StudentScoresKey
2023-10-24T00:20:38.358+07:00  INFO 8496 --- [main] o.h.e.t.j.p.i.JtaPlatformInitiator       : HHH000490: Using JtaPlatform implementation: [org.hibernate.engine.transaction.jta.platform.internal.NoJtaPlatform]
2023-10-24T00:20:38.367+07:00  INFO 8496 --- [main] j.LocalContainerEntityManagerFactoryBean : Initialized JPA EntityManagerFactory for persistence unit 'default'
2023-10-24T00:20:39.350+07:00  WARN 8496 --- [main] JpaBaseConfiguration$JpaWebConfiguration : spring.jpa.open-in-view is enabled by default. Therefore, database queries may be performed during view rendering. Explicitly configure spring.jpa.open-in-view to disable this warning
2023-10-24T00:20:39.583+07:00  INFO 8496 --- [main] o.s.s.web.DefaultSecurityFilterChain     : Will secure any request with [org.springframework.security.web.session.DisableEncodeUrlFilter@431bf770, org.springframework.security.web.context.request.async.WebAsyncManagerIntegrationFilter@2fb5e706, org.springframework.security.web.context.SecurityContextHolderFilter@3479b4cd, org.springframework.security.web.header.HeaderWriterFilter@3e272f0, org.springframework.security.web.authentication.logout.LogoutFilter@250c5892, com.springbot.tttn.application.security.AuthTokenFilter@21e60eed, org.springframework.security.web.savedrequest.RequestCacheAwareFilter@4d92e9da, org.springframework.security.web.servletapi.SecurityContextHolderAwareRequestFilter@1baef878, org.springframework.security.web.authentication.AnonymousAuthenticationFilter@4a35aed6, org.springframework.security.web.session.SessionManagementFilter@618c387d, org.springframework.security.web.access.ExceptionTranslationFilter@5dd3841, org.springframework.security.web.access.intercept.AuthorizationFilter@49d4a2cf]
2023-10-24T00:20:39.804+07:00  INFO 8496 --- [main] o.s.b.w.embedded.tomcat.TomcatWebServer  : Tomcat started on port(s): 8080 (http) with context path ''
2023-10-24T00:20:39.812+07:00  INFO 8496 --- [main] com.springbot.tttn.TttnApplication       : Started TttnApplication in 4.754 seconds (process running for 5.402)
2023-10-24T00:20:54.580+07:00  INFO 8496 --- [http-nio-8080-exec-2] o.a.c.c.C.[Tomcat].[localhost].[/]       : Initializing Spring DispatcherServlet 'dispatcherServlet'
2023-10-24T00:20:54.580+07:00  INFO 8496 --- [http-nio-8080-exec-2] o.s.web.servlet.DispatcherServlet        : Initializing Servlet 'dispatcherServlet'
2023-10-24T00:20:54.582+07:00  INFO 8496 --- [http-nio-8080-exec-2] o.s.web.servlet.DispatcherServlet        : Completed initialization in 1 ms
2023-10-24T00:21:24.457+07:00  WARN 8496 --- [HikariPool-1 housekeeper] com.zaxxer.hikari.pool.HikariPool        : HikariPool-1 - Thread starvation or clock leap detected (housekeeper delta=47s250ms905µs400ns).
2023-10-24T00:21:25.097+07:00  INFO 8496 --- [http-nio-8080-exec-2] c.s.t.d.s.impl.SubjectServiceImpl        : Action: User Login
2023-10-24T00:21:31.025+07:00  INFO 8496 --- [http-nio-8080-exec-2] c.s.t.d.s.impl.SubjectServiceImpl        : 			User admin login successfully!
2023-10-24T00:23:34.337+07:00  WARN 8496 --- [HikariPool-1 housekeeper] com.zaxxer.hikari.pool.HikariPool        : HikariPool-1 - Thread starvation or clock leap detected (housekeeper delta=2m9s880ms185µs300ns).
2023-10-24T00:23:34.343+07:00  INFO 8496 --- [http-nio-8080-exec-3] c.s.t.d.s.impl.SubjectServiceImpl        : Action: User Login
2023-10-24T00:23:34.517+07:00  INFO 8496 --- [http-nio-8080-exec-3] c.s.t.d.s.impl.SubjectServiceImpl        : 			User admin login successfully!
2023-10-24T00:23:36.565+07:00  INFO 8496 --- [SpringApplicationShutdownHook] j.LocalContainerEntityManagerFactoryBean : Closing JPA EntityManagerFactory for persistence unit 'default'
2023-10-24T00:23:36.567+07:00  INFO 8496 --- [SpringApplicationShutdownHook] com.zaxxer.hikari.HikariDataSource       : HikariPool-1 - Shutdown initiated...
2023-10-24T00:23:36.575+07:00  INFO 8496 --- [SpringApplicationShutdownHook] com.zaxxer.hikari.HikariDataSource       : HikariPool-1 - Shutdown completed.
